Build started 5/4/15 3:33:22 PM.
     1>Project "\\psf\Home\Desktop\580\Project Rewrite Final\cpu_ray_tracer.vcxproj" on node 2 (Build target(s)).
     1>ClCompile:
         C:\Program Files (x86)\Microsoft Visual Studio 12.0\VC\bin\CL.exe /c /ZI /nologo /W3 /WX- /Od /Oy- /D WIN32 /D _WINDOWS /D _DEBUG /Gm /EHsc /RTC1 /MDd /GS /fp:precise /Zc:wchar_t /Zc:forScope /Fo"Debug\\" /Fd"Debug\vc120.pdb" /Gd /TP /analyze- /errorReport:prompt Camera.cpp cpu_ray_tracer.cpp
         cpu_ray_tracer.cpp
     1>\\psf\home\desktop\580\project rewrite final\cpu_ray_tracer.cpp(182): warning C4244: 'initializing' : conversion from 'double' to 'float', possible loss of data
     1>\\psf\home\desktop\580\project rewrite final\cpu_ray_tracer.cpp(184): warning C4244: '=' : conversion from 'double' to 'float', possible loss of data
     1>\\psf\home\desktop\580\project rewrite final\cpu_ray_tracer.cpp(490): warning C4244: 'initializing' : conversion from 'double' to 'float', possible loss of data
     1>\\psf\home\desktop\580\project rewrite final\cpu_ray_tracer.cpp(491): warning C4244: '=' : conversion from 'double' to 'float', possible loss of data
     1>\\psf\home\desktop\580\project rewrite final\cpu_ray_tracer.cpp(653): warning C4101: 'ppp' : unreferenced local variable
     1>\\psf\home\desktop\580\project rewrite final\cpu_ray_tracer.cpp(968): warning C4305: 'argument' : truncation from 'double' to 'float'
     1>\\psf\home\desktop\580\project rewrite final\cpu_ray_tracer.cpp(912): warning C4101: 'N' : unreferenced local variable
     1>\\psf\home\desktop\580\project rewrite final\cpu_ray_tracer.cpp(1189): warning C4800: 'int' : forcing value to bool 'true' or 'false' (performance warning)
         Camera.cpp
     1>\\psf\home\desktop\580\project rewrite final\camera.cpp(54): warning C4800: 'int' : forcing value to bool 'true' or 'false' (performance warning)
     1>\\psf\home\desktop\580\project rewrite final\camera.cpp(55): warning C4800: 'int' : forcing value to bool 'true' or 'false' (performance warning)
         Generating Code...
       Link:
         C:\Program Files (x86)\Microsoft Visual Studio 12.0\VC\bin\link.exe /ERRORREPORT:PROMPT /OUT:"\\psf\Home\Desktop\580\Project Rewrite Final\Debug\cpu_ray_tracer.exe" /INCREMENTAL /NOLOGO kernel32.lib user32.lib gdi32.lib winspool.lib comdlg32.lib advapi32.lib shell32.lib ole32.lib oleaut32.lib uuid.lib odbc32.lib odbccp32.lib /MANIFEST /MANIFESTUAC:"level='asInvoker' uiAccess='false'" /manifest:embed /DEBUG /PDB:"\\psf\Home\Desktop\580\Project Rewrite Final\Debug\cpu_ray_tracer.pdb" /STACK:"52768000" /TLBID:1 /DYNAMICBASE /NXCOMPAT /IMPLIB:"\\psf\Home\Desktop\580\Project Rewrite Final\Debug\cpu_ray_tracer.lib" /MACHINE:X86 /SAFESEH Debug\Camera.obj
         Debug\cpu_ray_tracer.obj
         Debug\glmath.obj
         Debug\Light.obj
         Debug\Quad.obj
         Debug\RTData.obj
         Debug\Shape.obj
         Debug\Sphere.obj
         Debug\string.obj
         Debug\Texture.obj
         cpu_ray_tracer.vcxproj -> \\psf\Home\Desktop\580\Project Rewrite Final\Debug\cpu_ray_tracer.exe
     1>Done Building Project "\\psf\Home\Desktop\580\Project Rewrite Final\cpu_ray_tracer.vcxproj" (Build target(s)).

Build succeeded.

Time Elapsed 00:00:02.62
